<?xml version="1.0" encoding="UTF-8"?>
<testsuite xmlns:xsi="http://www.w3.org/2001/XMLSchema-instance" xsi:noNamespaceSchemaLocation="https://maven.apache.org/surefire/maven-surefire-plugin/xsd/surefire-test-report-3.0.xsd" version="3.0" name="tn.esprit.manajero.Services.MethodeServiceTest" time="1.09" tests="1" errors="0" skipped="0" failures="0">
  <properties>
[...]
</properties>
  <testcase name="addMethodeWithSuccess" classname="tn.esprit.manajero.Services.MethodeServiceTest" time="1.083">
    <system-out><![CDATA[2024-08-24T16:10:17.643+01:00  INFO 7780 --- [           main] t.e.m.Services.MethodeServiceTest        : Starting test for addMethodeWithSuccess
2024-08-24T16:10:17.644+01:00  INFO 7780 --- [           main] t.e.m.Services.MethodeServiceTest        : Methode object created: tn.esprit.manajero.Entities.Methode@24f5e9e8
2024-08-24T16:10:17.649+01:00  INFO 7780 --- [           main] t.e.manajero.Services.MethodeService     : Attempting to save Methode: tn.esprit.manajero.Entities.Methode@24f5e9e8
2024-08-24T16:10:18.552+01:00  INFO 7780 --- [           main] t.e.manajero.Services.MethodeService     : Methode saved successfully with ID: 66c9f7d9400f246600d048ee
2024-08-24T16:10:18.719+01:00  INFO 7780 --- [           main] t.e.m.Services.MethodeServiceTest        : Methode returned from service: tn.esprit.manajero.Entities.Methode@24f5e9e8
2024-08-24T16:10:18.722+01:00  INFO 7780 --- [           main] t.e.m.Services.MethodeServiceTest        : Test addMethodeWithSuccess passed
]]></system-out>
  </testcase>
</testsuite>